[debug] [2023-01-03T18:01:53.200Z] ----------------------------------------------------------------------
[debug] [2023-01-03T18:01:53.201Z] Command:       C:\Program Files\nodejs\node.exe C:\Users\Usuario\AppData\Roaming\npm\node_modules\firebase-tools\lib\bin\firebase.js deploy
[debug] [2023-01-03T18:01:53.202Z] CLI Version:   11.19.0
[debug] [2023-01-03T18:01:53.202Z] Platform:      win32
[debug] [2023-01-03T18:01:53.202Z] Node Version:  v16.14.0
[debug] [2023-01-03T18:01:53.203Z] Time:          Tue Jan 03 2023 14:01:53 GMT-0400 (hora de Venezuela)
[debug] [2023-01-03T18:01:53.203Z] ----------------------------------------------------------------------
[debug] 
[debug] [2023-01-03T18:01:53.275Z] > command requires scopes: ["email","openid","https://www.googleapis.com/auth/cloudplatformprojects.readonly","https://www.googleapis.com/auth/firebase","https://www.googleapis.com/auth/cloud-platform"]
[debug] [2023-01-03T18:01:53.276Z] > authorizing via signed-in user (iamwar2070@gmail.com)
[debug] [2023-01-03T18:01:53.276Z] [iam] checking project prixelart-fe-testing for permissions ["firebase.projects.get","firebasehosting.sites.update"]
[debug] [2023-01-03T18:01:53.278Z] >>> [apiv2][query] POST https://cloudresourcemanager.googleapis.com/v1/projects/prixelart-fe-testing:testIamPermissions [none]
[debug] [2023-01-03T18:01:53.279Z] >>> [apiv2][(partial)header] POST https://cloudresourcemanager.googleapis.com/v1/projects/prixelart-fe-testing:testIamPermissions x-goog-quota-user=projects/prixelart-fe-testing
[debug] [2023-01-03T18:01:53.279Z] >>> [apiv2][body] POST https://cloudresourcemanager.googleapis.com/v1/projects/prixelart-fe-testing:testIamPermissions {"permissions":["firebase.projects.get","firebasehosting.sites.update"]}
[debug] [2023-01-03T18:01:53.669Z] [iam] error while checking permissions, command may fail: FirebaseError: Failed to make request to https://cloudresourcemanager.googleapis.com/v1/projects/prixelart-fe-testing:testIamPermissions
[debug] [2023-01-03T18:01:53.671Z] >>> [apiv2][query] GET https://firebase.googleapis.com/v1beta1/projects/prixelart-fe-testing [none]
[debug] [2023-01-03T18:01:53.962Z] Failed to make request to https://firebase.googleapis.com/v1beta1/projects/prixelart-fe-testing
[debug] [2023-01-03T18:01:56.784Z] FirebaseError: Failed to make request to https://firebase.googleapis.com/v1beta1/projects/prixelart-fe-testing
    at RetryOperation._fn (C:\Users\Usuario\AppData\Roaming\npm\node_modules\firebase-tools\lib\apiv2.js:242:31)
    at processTicksAndRejections (node:internal/process/task_queues:96:5)
[error] 
[error] Error: Failed to get Firebase project prixelart-fe-testing. Please make sure the project exists and your account has permission to access it.
[debug] [2023-01-03T18:02:30.960Z] ----------------------------------------------------------------------
[debug] [2023-01-03T18:02:30.962Z] Command:       C:\Program Files\nodejs\node.exe C:\Users\Usuario\AppData\Roaming\npm\node_modules\firebase-tools\lib\bin\firebase.js deploy
[debug] [2023-01-03T18:02:30.963Z] CLI Version:   11.19.0
[debug] [2023-01-03T18:02:30.963Z] Platform:      win32
[debug] [2023-01-03T18:02:30.963Z] Node Version:  v16.14.0
[debug] [2023-01-03T18:02:30.964Z] Time:          Tue Jan 03 2023 14:02:30 GMT-0400 (hora de Venezuela)
[debug] [2023-01-03T18:02:30.964Z] ----------------------------------------------------------------------
[debug] 
[debug] [2023-01-03T18:02:31.042Z] > command requires scopes: ["email","openid","https://www.googleapis.com/auth/cloudplatformprojects.readonly","https://www.googleapis.com/auth/firebase","https://www.googleapis.com/auth/cloud-platform"]
[debug] [2023-01-03T18:02:31.043Z] > authorizing via signed-in user (iamwar2070@gmail.com)
[debug] [2023-01-03T18:02:31.043Z] [iam] checking project prixelart-fe-testing for permissions ["firebase.projects.get","firebasehosting.sites.update"]
[debug] [2023-01-03T18:02:31.045Z] >>> [apiv2][query] POST https://cloudresourcemanager.googleapis.com/v1/projects/prixelart-fe-testing:testIamPermissions [none]
[debug] [2023-01-03T18:02:31.046Z] >>> [apiv2][(partial)header] POST https://cloudresourcemanager.googleapis.com/v1/projects/prixelart-fe-testing:testIamPermissions x-goog-quota-user=projects/prixelart-fe-testing
[debug] [2023-01-03T18:02:31.046Z] >>> [apiv2][body] POST https://cloudresourcemanager.googleapis.com/v1/projects/prixelart-fe-testing:testIamPermissions {"permissions":["firebase.projects.get","firebasehosting.sites.update"]}
[debug] [2023-01-03T18:02:33.956Z] <<< [apiv2][status] POST https://cloudresourcemanager.googleapis.com/v1/projects/prixelart-fe-testing:testIamPermissions 200
[debug] [2023-01-03T18:02:33.956Z] <<< [apiv2][body] POST https://cloudresourcemanager.googleapis.com/v1/projects/prixelart-fe-testing:testIamPermissions {"permissions":["firebase.projects.get","firebasehosting.sites.update"]}
[debug] [2023-01-03T18:02:33.958Z] >>> [apiv2][query] GET https://firebase.googleapis.com/v1beta1/projects/prixelart-fe-testing [none]
[debug] [2023-01-03T18:02:35.851Z] <<< [apiv2][status] GET https://firebase.googleapis.com/v1beta1/projects/prixelart-fe-testing 200
[debug] [2023-01-03T18:02:35.851Z] <<< [apiv2][body] GET https://firebase.googleapis.com/v1beta1/projects/prixelart-fe-testing {"projectId":"prixelart-fe-testing","projectNumber":"1074086896074","displayName":"Prixelart-FE-testing","name":"projects/prixelart-fe-testing","resources":{"hostingSite":"prixelart-fe-testing"},"state":"ACTIVE","etag":"1_0bd87d83-ccda-4bce-aae3-8ed76e53bc81"}
[info] 
[info] === Deploying to 'prixelart-fe-testing'...
[info] 
[info] i  deploying hosting 
[debug] [2023-01-03T18:02:35.858Z] >>> [apiv2][query] POST https://firebasehosting.googleapis.com/v1beta1/projects/-/sites/prixelart-fe-testing/versions [none]
[debug] [2023-01-03T18:02:35.858Z] >>> [apiv2][body] POST https://firebasehosting.googleapis.com/v1beta1/projects/-/sites/prixelart-fe-testing/versions {"status":"CREATED","labels":{"deployment-tool":"cli-firebase"}}
[debug] [2023-01-03T18:02:41.164Z] Error: Timed out.
    at Timeout._onTimeout (C:\Users\Usuario\AppData\Roaming\npm\node_modules\firebase-tools\lib\utils.js:253:49)
    at listOnTimeout (node:internal/timers:559:17)
    at processTimers (node:internal/timers:502:7)
[error] 
[error] Error: An unexpected error has occurred.
[debug] [2023-01-03T18:04:24.379Z] ----------------------------------------------------------------------
[debug] [2023-01-03T18:04:24.380Z] Command:       C:\Program Files\nodejs\node.exe C:\Users\Usuario\AppData\Roaming\npm\node_modules\firebase-tools\lib\bin\firebase.js init
[debug] [2023-01-03T18:04:24.381Z] CLI Version:   11.19.0
[debug] [2023-01-03T18:04:24.381Z] Platform:      win32
[debug] [2023-01-03T18:04:24.381Z] Node Version:  v16.14.0
[debug] [2023-01-03T18:04:24.382Z] Time:          Tue Jan 03 2023 14:04:24 GMT-0400 (hora de Venezuela)
[debug] [2023-01-03T18:04:24.382Z] ----------------------------------------------------------------------
[debug] 
[debug] [2023-01-03T18:04:24.454Z] > command requires scopes: ["email","openid","https://www.googleapis.com/auth/cloudplatformprojects.readonly","https://www.googleapis.com/auth/firebase","https://www.googleapis.com/auth/cloud-platform"]
[debug] [2023-01-03T18:04:24.455Z] > authorizing via signed-in user (iamwar2070@gmail.com)
[info] 
     ######## #### ########  ######## ########     ###     ######  ########
     ##        ##  ##     ## ##       ##     ##  ##   ##  ##       ##
     ######    ##  ########  ######   ########  #########  ######  ######
     ##        ##  ##    ##  ##       ##     ## ##     ##       ## ##
     ##       #### ##     ## ######## ########  ##     ##  ######  ########

You're about to initialize a Firebase project in this directory:

  C:\Users\Usuario\Documents\prixelart-frontend

Before we get started, keep in mind:

  * You are initializing within an existing Firebase project directory

[info] 
=== Project Setup
[info] 
[info] First, let's associate this project directory with a Firebase project.
[info] You can create multiple project aliases by running firebase use --add, 
[info] but for now we'll just set up a default project.
[info] 
[debug] [2023-01-03T18:04:41.001Z] Using project from CLI flag: prixelart-fe-testing
[debug] [2023-01-03T18:04:41.005Z] >>> [apiv2][query] GET https://firebase.googleapis.com/v1beta1/projects/prixelart-fe-testing [none]
[debug] [2023-01-03T18:04:41.373Z] Failed to make request to https://firebase.googleapis.com/v1beta1/projects/prixelart-fe-testing
[debug] [2023-01-03T18:04:44.194Z] FirebaseError: Failed to make request to https://firebase.googleapis.com/v1beta1/projects/prixelart-fe-testing
    at RetryOperation._fn (C:\Users\Usuario\AppData\Roaming\npm\node_modules\firebase-tools\lib\apiv2.js:242:31)
    at processTicksAndRejections (node:internal/process/task_queues:96:5)
[error] 
[error] Error: Failed to get Firebase project prixelart-fe-testing. Please make sure the project exists and your account has permission to access it.
[debug] [2023-01-03T18:07:54.072Z] ----------------------------------------------------------------------
[debug] [2023-01-03T18:07:54.074Z] Command:       C:\Program Files\nodejs\node.exe C:\Users\Usuario\AppData\Roaming\npm\node_modules\firebase-tools\lib\bin\firebase.js init
[debug] [2023-01-03T18:07:54.074Z] CLI Version:   11.19.0
[debug] [2023-01-03T18:07:54.074Z] Platform:      win32
[debug] [2023-01-03T18:07:54.074Z] Node Version:  v16.14.0
[debug] [2023-01-03T18:07:54.075Z] Time:          Tue Jan 03 2023 14:07:54 GMT-0400 (hora de Venezuela)
[debug] [2023-01-03T18:07:54.076Z] ----------------------------------------------------------------------
[debug] 
[debug] [2023-01-03T18:07:54.148Z] > command requires scopes: ["email","openid","https://www.googleapis.com/auth/cloudplatformprojects.readonly","https://www.googleapis.com/auth/firebase","https://www.googleapis.com/auth/cloud-platform"]
[debug] [2023-01-03T18:07:54.148Z] > authorizing via signed-in user (iamwar2070@gmail.com)
[info] 
     ######## #### ########  ######## ########     ###     ######  ########
     ##        ##  ##     ## ##       ##     ##  ##   ##  ##       ##
     ######    ##  ########  ######   ########  #########  ######  ######
     ##        ##  ##    ##  ##       ##     ## ##     ##       ## ##
     ##       #### ##     ## ######## ########  ##     ##  ######  ########

You're about to initialize a Firebase project in this directory:

  C:\Users\Usuario\Documents\prixelart-frontend

Before we get started, keep in mind:

  * You are initializing within an existing Firebase project directory

[info] 
=== Project Setup
[info] 
[info] First, let's associate this project directory with a Firebase project.
[info] You can create multiple project aliases by running firebase use --add, 
[info] but for now we'll just set up a default project.
[info] 
[debug] [2023-01-03T18:08:05.289Z] Using project from CLI flag: prixelart-fe-testing
[debug] [2023-01-03T18:08:05.293Z] >>> [apiv2][query] GET https://firebase.googleapis.com/v1beta1/projects/prixelart-fe-testing [none]
[debug] [2023-01-03T18:08:08.354Z] <<< [apiv2][status] GET https://firebase.googleapis.com/v1beta1/projects/prixelart-fe-testing 200
[debug] [2023-01-03T18:08:08.354Z] <<< [apiv2][body] GET https://firebase.googleapis.com/v1beta1/projects/prixelart-fe-testing {"projectId":"prixelart-fe-testing","projectNumber":"1074086896074","displayName":"Prixelart-FE-testing","name":"projects/prixelart-fe-testing","resources":{"hostingSite":"prixelart-fe-testing"},"state":"ACTIVE","etag":"1_0bd87d83-ccda-4bce-aae3-8ed76e53bc81"}
[info] i  Using project prixelart-fe-testing (Prixelart-FE-testing) 
[info] 
=== Hosting Setup
[info] 
[info] Your public directory is the folder (relative to your project directory) that
[info] will contain Hosting assets to be uploaded with firebase deploy. If you
[info] have a build process for your assets, use your build's output directory.
[info] 
[debug] [2023-01-03T18:09:11.211Z] >>> [apiv2][query] GET https://www.gstatic.com/firebasejs/releases.json [none]
[debug] [2023-01-03T18:09:16.150Z] <<< [apiv2][status] GET https://www.gstatic.com/firebasejs/releases.json 200
[debug] [2023-01-03T18:09:16.150Z] <<< [apiv2][body] GET https://www.gstatic.com/firebasejs/releases.json {"current":{"version":"9.15.0","browserURL":"https://www.gstatic.com/firebasejs/9.15.0/firebase.js","packageURL":"https://www.gstatic.com/firebasejs/9.15.0/firebase.tgz"},"live":{"version":"9.15","browserURL":"https://www.gstatic.com/firebasejs/live/9.15/firebase.js","packageURL":"https://www.gstatic.com/firebasejs/live/9.15/firebase.tgz"},"components":{"analytics":"https://www.gstatic.com/firebasejs/9.15.0/firebase-analytics.js","app":"https://www.gstatic.com/firebasejs/9.15.0/firebase-app.js","app-check":"https://www.gstatic.com/firebasejs/9.15.0/firebase-app-check.js","auth":"https://www.gstatic.com/firebasejs/9.15.0/firebase-auth.js","auth/cordova":"https://www.gstatic.com/firebasejs/9.15.0/firebase-auth/cordova.js","auth/react-native":"https://www.gstatic.com/firebasejs/9.15.0/firebase-auth/react-native.js","functions":"https://www.gstatic.com/firebasejs/9.15.0/firebase-functions.js","firestore":"https://www.gstatic.com/firebasejs/9.15.0/firebase-firestore.js","firestore/lite":"https://www.gstatic.com/firebasejs/9.15.0/firebase-firestore/lite.js","installations":"https://www.gstatic.com/firebasejs/9.15.0/firebase-installations.js","storage":"https://www.gstatic.com/firebasejs/9.15.0/firebase-storage.js","performance":"https://www.gstatic.com/firebasejs/9.15.0/firebase-performance.js","remote-config":"https://www.gstatic.com/firebasejs/9.15.0/firebase-remote-config.js","messaging":"https://www.gstatic.com/firebasejs/9.15.0/firebase-messaging.js","messaging/sw":"https://www.gstatic.com/firebasejs/9.15.0/firebase-messaging/sw.js","database":"https://www.gstatic.com/firebasejs/9.15.0/firebase-database.js","firestore.memory":"https://www.gstatic.com/firebasejs/9.15.0/firebase-firestore.memory.js"}}
[info] +  Wrote build/index.html 
[info] 
[info] i  Writing configuration info to firebase.json... 
[info] i  Writing project information to .firebaserc... 
[info] 
[info] +  Firebase initialization complete! 
[debug] [2023-01-03T18:09:30.903Z] Error: Timed out.
    at Timeout._onTimeout (C:\Users\Usuario\AppData\Roaming\npm\node_modules\firebase-tools\lib\utils.js:253:49)
    at listOnTimeout (node:internal/timers:559:17)
    at processTimers (node:internal/timers:502:7)
[error] 
[error] Error: An unexpected error has occurred.
